START-OF-LOG: 3.0
LOCATION: OH
CALLSIGN: KE8YGW
CLUB: Ashland Area Amateur Radio Club
CONTEST: CQ-WW-SSB
CATEGORY-OPERATOR: SINGLE-OP
CATEGORY-ASSISTED: ASSISTED
CATEGORY-BAND: ALL
CATEGORY-MODE: SSB
CATEGORY-POWER: HIGH
CATEGORY-STATION: FIXED
CATEGORY-TRANSMITTER: ONE
CLAIMED-SCORE: 0
OPERATORS: KE8YGW
NAME: Austin Hadley
ADDRESS: 1293 County Road 1475
ADDRESS-CITY: Ashland
ADDRESS-STATE-PROVINCE: OHIO
ADDRESS-POSTALCODE: 448059366
ADDRESS-COUNTRY: Unites States of America
GRID-LOCATOR: EN80TU
EMAIL: admin@austinh.dev
CREATED-BY: N1MM Logger+ 1.0.10103.0
QSO: 14000 DG 2023-12-08 0446 KE8YGW        -10 4      VE3KRP        -09 00       
QSO: 14000 DG 2023-12-08 0457 KE8YGW        -15 4      K5TLL         -09 00       
QSO:  7000 DG 2023-12-08 0507 KE8YGW        -11 4      W9OSI         +12 00       
QSO:  7000 DG 2023-12-08 0513 KE8YGW        -10 4      K0HB          -13 00       
QSO:  7000 DG 2023-12-08 0513 KE8YGW        -21 4      KO4O          -08 00       
QSO:  7000 DG 2023-12-08 0524 KE8YGW        -12 4      K5WSC         -04 00       
QSO: 14000 DG 2023-12-08 0528 KE8YGW        -06 4      N8RY          -10 00       
END-OF-LOG:
